TN:
SF:src/types.ts
FNF:0
FNH:0
DA:34,1
DA:44,1
LF:2
LH:2
BRF:0
BRH:0
end_of_record
TN:
SF:src/commands/init.ts
FN:11,isGitAvailable
FN:20,ensureGitRepository
FN:51,initCommand
FN:133,(anonymous_4)
FNF:4
FNH:0
FNDA:0,isGitAvailable
FNDA:0,ensureGitRepository
FNDA:0,initCommand
FNDA:0,(anonymous_4)
DA:1,0
DA:2,0
DA:3,0
DA:4,0
DA:5,0
DA:6,0
DA:7,0
DA:8,0
DA:9,0
DA:12,0
DA:13,0
DA:14,0
DA:16,0
DA:21,0
DA:22,0
DA:27,0
DA:30,0
DA:31,0
DA:33,0
DA:34,0
DA:35,0
DA:37,0
DA:51,0
DA:52,0
DA:53,0
DA:54,0
DA:55,0
DA:57,0
DA:59,0
DA:60,0
DA:69,0
DA:70,0
DA:71,0
DA:75,0
DA:76,0
DA:77,0
DA:78,0
DA:81,0
DA:82,0
DA:83,0
DA:86,0
DA:87,0
DA:88,0
DA:89,0
DA:92,0
DA:93,0
DA:94,0
DA:95,0
DA:99,0
DA:100,0
DA:101,0
DA:102,0
DA:105,0
DA:106,0
DA:107,0
DA:110,0
DA:112,0
DA:113,0
DA:114,0
DA:117,0
DA:119,0
DA:120,0
DA:121,0
DA:122,0
DA:125,0
DA:126,0
DA:128,0
DA:130,0
DA:131,0
DA:132,0
DA:133,0
DA:134,0
DA:137,0
DA:138,0
DA:139,0
DA:141,0
DA:142,0
DA:150,0
DA:153,0
DA:154,0
DA:155,0
DA:156,0
DA:158,0
DA:162,0
DA:163,0
DA:164,0
DA:165,0
DA:166,0
DA:167,0
LF:89
LH:0
BRDA:21,0,0,0
BRDA:39,1,0,0
BRDA:39,1,1,0
BRDA:59,2,0,0
BRDA:69,3,0,0
BRDA:75,4,0,0
BRDA:75,4,1,0
BRDA:76,5,0,0
BRDA:81,6,0,0
BRDA:87,7,0,0
BRDA:94,8,0,0
BRDA:100,9,0,0
BRDA:105,10,0,0
BRDA:112,11,0,0
BRDA:120,12,0,0
BRDA:141,13,0,0
BRDA:153,14,0,0
BRDA:153,14,1,0
BRF:18
BRH:0
end_of_record
TN:
SF:src/commands/phase.ts
FN:7,phaseCommand
FN:25,(anonymous_2)
FN:48,(anonymous_3)
FNF:3
FNH:0
FNDA:0,phaseCommand
FNDA:0,(anonymous_2)
FNDA:0,(anonymous_3)
DA:1,0
DA:2,0
DA:3,0
DA:4,0
DA:5,0
DA:7,0
DA:8,0
DA:9,0
DA:11,0
DA:12,0
DA:13,0
DA:18,0
DA:19,0
DA:20,0
DA:21,0
DA:22,0
DA:24,0
DA:25,0
DA:27,0
DA:28,0
DA:29,0
DA:38,0
DA:39,0
DA:43,0
DA:48,0
DA:54,0
DA:57,0
DA:58,0
DA:60,0
DA:61,0
DA:69,0
DA:72,0
DA:73,0
DA:74,0
DA:77,0
DA:78,0
DA:80,0
DA:81,0
LF:38
LH:0
BRDA:11,0,0,0
BRDA:18,1,0,0
BRDA:18,1,1,0
BRDA:18,2,0,0
BRDA:18,2,1,0
BRDA:20,3,0,0
BRDA:20,3,1,0
BRDA:27,4,0,0
BRDA:38,5,0,0
BRDA:60,6,0,0
BRDA:72,7,0,0
BRF:11
BRH:0
end_of_record
TN:
SF:src/lib/Config.ts
FN:11,(anonymous_10)
FN:15,(anonymous_11)
FN:19,(anonymous_12)
FN:26,(anonymous_13)
FN:39,(anonymous_14)
FN:55,(anonymous_15)
FN:69,(anonymous_16)
FN:74,(anonymous_17)
FN:79,(anonymous_18)
FN:83,(anonymous_19)
FNF:10
FNH:10
FNDA:21,(anonymous_10)
FNDA:18,(anonymous_11)
FNDA:16,(anonymous_12)
FNDA:1,(anonymous_13)
FNDA:4,(anonymous_14)
FNDA:2,(anonymous_15)
FNDA:3,(anonymous_16)
FNDA:5,(anonymous_17)
FNDA:1,(anonymous_18)
FNDA:2,(anonymous_19)
DA:1,1
DA:2,1
DA:4,1
DA:6,1
DA:8,1
DA:12,21
DA:16,18
DA:20,16
DA:21,13
DA:23,3
DA:27,1
DA:35,1
DA:36,1
DA:40,4
DA:41,4
DA:42,1
DA:45,3
DA:51,3
DA:52,3
DA:56,2
DA:57,2
DA:58,0
DA:61,2
DA:62,1
DA:63,1
DA:66,1
DA:70,3
DA:71,3
DA:75,5
DA:76,5
DA:80,1
DA:84,2
DA:85,2
LF:33
LH:32
BRDA:11,0,0,1
BRDA:20,1,0,13
BRDA:41,2,0,1
BRDA:57,3,0,0
BRDA:61,4,0,1
BRDA:71,5,0,2
BRDA:71,5,1,1
BRDA:76,6,0,5
BRDA:76,6,1,1
BRF:9
BRH:8
end_of_record
TN:
SF:src/lib/EnvironmentSelector.ts
FN:6,(anonymous_1)
FN:9,(anonymous_2)
FN:22,(anonymous_3)
FN:34,(anonymous_4)
FN:39,(anonymous_5)
FN:53,(anonymous_6)
FN:60,(anonymous_7)
FNF:7
FNH:7
FNDA:4,(anonymous_1)
FNDA:40,(anonymous_2)
FNDA:2,(anonymous_3)
FNDA:4,(anonymous_4)
FNDA:4,(anonymous_5)
FNDA:3,(anonymous_6)
FNDA:3,(anonymous_7)
DA:1,1
DA:3,1
DA:5,1
DA:7,4
DA:9,40
DA:15,4
DA:23,2
DA:24,1
DA:26,1
DA:31,3
DA:35,4
DA:36,1
DA:39,4
DA:41,3
DA:50,3
DA:54,3
DA:55,1
DA:56,1
DA:59,2
DA:60,2
DA:61,3
DA:63,2
LF:22
LH:22
BRDA:23,0,0,1
BRDA:35,1,0,1
BRDA:54,2,0,1
BRF:3
BRH:3
end_of_record
TN:
SF:src/lib/PhaseSelector.ts
FN:5,(anonymous_1)
FN:24,(anonymous_2)
FN:30,(anonymous_3)
FN:41,(anonymous_4)
FN:42,(anonymous_5)
FN:44,(anonymous_6)
FN:51,(anonymous_7)
FNF:7
FNH:7
FNDA:6,(anonymous_1)
FNDA:3,(anonymous_2)
FNDA:21,(anonymous_3)
FNDA:2,(anonymous_4)
FNDA:4,(anonymous_5)
FNDA:3,(anonymous_6)
FNDA:3,(anonymous_7)
DA:1,1
DA:2,1
DA:4,1
DA:6,6
DA:8,6
DA:9,1
DA:10,5
DA:11,2
DA:13,3
DA:16,5
DA:17,1
DA:18,1
DA:21,4
DA:25,3
DA:30,21
DA:38,2
DA:42,4
DA:45,3
DA:46,1
DA:47,1
DA:50,2
DA:51,2
DA:52,3
DA:54,2
LF:24
LH:24
BRDA:8,0,0,1
BRDA:8,0,1,5
BRDA:10,1,0,2
BRDA:10,1,1,3
BRDA:16,2,0,1
BRDA:45,3,0,1
BRF:6
BRH:6
end_of_record
TN:
SF:src/lib/TemplateManager.ts
FN:10,(anonymous_9)
FN:15,(anonymous_10)
FN:27,(anonymous_11)
FN:32,(anonymous_12)
FN:54,(anonymous_13)
FN:70,(anonymous_14)
FN:92,(anonymous_15)
FN:111,(anonymous_16)
FN:120,(anonymous_17)
FNF:9
FNH:0
FNDA:0,(anonymous_9)
FNDA:0,(anonymous_10)
FNDA:0,(anonymous_11)
FNDA:0,(anonymous_12)
FNDA:0,(anonymous_13)
FNDA:0,(anonymous_14)
FNDA:0,(anonymous_15)
FNDA:0,(anonymous_16)
FNDA:0,(anonymous_17)
DA:1,0
DA:2,0
DA:4,0
DA:6,0
DA:11,0
DA:12,0
DA:16,0
DA:17,0
DA:18,0
DA:20,0
DA:21,0
DA:23,0
DA:28,0
DA:29,0
DA:33,0
DA:35,0
DA:36,0
DA:37,0
DA:38,0
DA:39,0
DA:42,0
DA:43,0
DA:44,0
DA:46,0
DA:47,0
DA:51,0
DA:55,0
DA:57,0
DA:58,0
DA:61,0
DA:62,0
DA:64,0
DA:65,0
DA:67,0
DA:71,0
DA:73,0
DA:74,0
DA:75,0
DA:77,0
DA:78,0
DA:79,0
DA:81,0
DA:84,0
DA:85,0
DA:87,0
DA:88,0
DA:89,0
DA:91,0
DA:92,0
DA:93,0
DA:96,0
DA:99,0
DA:100,0
DA:104,0
DA:105,0
DA:108,0
DA:112,0
DA:113,0
DA:115,0
DA:116,0
DA:117,0
DA:119,0
DA:120,0
DA:121,0
LF:64
LH:0
BRDA:10,0,0,0
BRDA:37,1,0,0
BRDA:57,2,0,0
BRDA:67,3,0,0
BRDA:67,3,1,0
BRDA:77,4,0,0
BRDA:77,4,1,0
BRDA:87,5,0,0
BRDA:87,5,1,0
BRDA:99,6,0,0
BRDA:115,7,0,0
BRF:11
BRH:0
end_of_record
TN:
SF:src/util/env.ts
FN:68,getAllEnvironments
FN:72,getEnvironment
FN:76,getAllEnvironmentCodes
FN:80,getEnvironmentsByCodes
FN:81,(anonymous_4)
FN:81,(anonymous_5)
FN:84,isValidEnvironmentCode
FN:88,getEnvironmentDisplayName
FN:93,validateEnvironmentCodes
FNF:9
FNH:9
FNDA:8,getAllEnvironments
FNDA:23,getEnvironment
FNDA:3,getAllEnvironmentCodes
FNDA:4,getEnvironmentsByCodes
FNDA:7,(anonymous_4)
FNDA:7,(anonymous_5)
FNDA:13,isValidEnvironmentCode
FNDA:11,getEnvironmentDisplayName
FNDA:4,validateEnvironmentCodes
DA:3,2
DA:66,2
DA:68,2
DA:69,8
DA:72,2
DA:73,23
DA:76,2
DA:77,3
DA:80,2
DA:81,7
DA:84,2
DA:85,13
DA:88,2
DA:89,11
DA:90,11
DA:93,2
DA:94,4
DA:95,4
DA:97,4
DA:98,7
DA:99,4
DA:101,3
DA:105,4
DA:106,2
DA:109,2
LF:25
LH:25
BRDA:90,0,0,10
BRDA:90,0,1,1
BRDA:98,1,0,4
BRDA:98,1,1,3
BRDA:105,2,0,2
BRF:5
BRH:5
end_of_record
